Thu Jul 17 19:28:45 2014
Student ID card: 894750707403026
Du, Matt
Access granted

Thu Jul 17 19:28:48 2014
Student ID card: 894750707403026
Du, Matt
Access granted

Thu Jul 17 19:28:52 2014
Student ID card: 554984993932026
Alleyne, Rashaun
Access denied

Fri Jul 18 09:07:30 2014
Unrecognized card

Fri Jul 18 09:07:32 2014
Unrecognized card

Fri Jul 18 09:07:34 2014
Unrecognized card

Fri Jul 18 09:07:38 2014
Unrecognized card

Fri Jul 18 09:07:41 2014
Student ID card: 234792374983274
No database entry.
Access denied

Fri Jul 18 09:07:43 2014
Student ID card: 237482937429384732
No database entry.
Access denied

Fri Jul 18 09:07:48 2014
Credit card: 2734928323482387498327482934
-È`WøÈp@Ê`9ØÊpðˆËpô#Òàû`ÒðäuÓàÝ@ÔðÆUÕà¿ Öð¨5×à¡, ~â`(Iãp
Expires 2000/00/00

Fri Jul 18 09:07:50 2014
Student ID card: 237498237498327498324
No database entry.
Access denied

Fri Jul 18 09:08:05 2014
Student ID card: 2374832974283947324
No database entry.
Access denied

Fri Jul 18 09:08:07 2014
Student ID card: 2384923748329472
No database entry.
Access denied

Fri Jul 18 09:08:09 2014
Student ID card: 2934732984732984
No database entry.
Access denied

Fri Jul 18 09:11:25 2014
Student ID card: 234324234234
No database entry.
Access denied

Fri Jul 18 09:11:27 2014
Student ID card: 234234234234
No database entry.
Access denied

Fri Jul 18 09:11:33 2014
Student ID card: 112952204
No database entry.
Access denied

Fri Jul 18 09:11:40 2014
Credit card: 234272332742839479832749832472398
-È`WøÈp@Ê`9ØÊpðˆËpô#Òàû`ÒðäuÓàÝ@ÔðÆUÕà¿ Öð¨5×à¡, ~â`(Iãp
Expires 2000/00/00

Fri Jul 18 09:11:45 2014
Credit card: 23049823048230482039840329843294
-È`WøÈp@Ê`9ØÊpðˆËpô#Òàû`ÒðäuÓàÝ@ÔðÆUÕà¿ Öð¨5×à¡, ~â`(Iãp
Expires 2000/00/00

Fri Jul 18 13:22:13 2014
Student ID card: 894750707403026
Du, Matt
Access granted

Fri Jul 18 13:22:17 2014
Student ID card: 894750707403026
Du, Matt
Access granted

Fri Jul 18 13:22:38 2014
Student ID card: 894750707403026
Du, Matt
Access granted

Fri Jul 18 13:23:01 2014
Student ID card: 894750707403026
Du, Matt
Access granted

Fri Jul 18 13:23:29 2014
Credit card: 5465407228842211
DU, MATTHEW H
Expires 2015/03/10

Fri Jul 18 13:23:43 2014
Credit card: 5465407228842211
DU, MATTHEW H
Expires 2015/03/10

Fri Jul 18 13:23:58 2014
Credit card: 5248250053611515
DU, MATTHEW
Expires 2020/12/10

Fri Jul 18 13:24:14 2014
Student ID card: 811071175464026
No database entry.
Access denied

Fri Jul 18 13:25:03 2014
Credit card: 5465407228842211
DU, MATTHEW H
Expires 2015/03/10

Fri Jul 18 13:25:24 2014
Unrecognized card

Fri Jul 18 13:25:34 2014
Student ID card: 894750707403026
Du, Matt
Access granted

Fri Jul 18 13:25:47 2014
Student ID card: 894750707403026
Du, Matt
Access granted

Fri Jul 18 13:25:58 2014
Student ID card: 811071175464026
Fangmo, Brunel
Access denied

Fri Jul 18 13:26:14 2014
Student ID card: 894750707403026
Du, Matt
Access granted

Fri Jul 18 13:30:53 2014
Credit card: 2749823749283742938472937429384
-È`WøÈp@Ê`9ØÊpðˆËpô#Òàû`ÒðäuÓàÝ@ÔðÆUÕà¿ Öð¨5×à¡, ~â`(Iãp
Expires 2000/00/00

Fri Jul 18 13:31:04 2014
Unrecognized card

Fri Jul 18 13:31:19 2014
Student ID card: 29384729834729384742
No database entry.
Access denied

Fri Jul 18 13:33:56 2014
Student ID card: 758597297914026
Bern, Ryan
Access denied

Fri Jul 18 13:35:03 2014
Credit card: 5465407228842211
DU, MATTHEW H
Expires 2015/03/10

Fri Jul 18 13:35:34 2014
Credit card: 5465407228842211
DU, MATTHEW H
Expires 2015/03/10

Fri Jul 18 13:35:46 2014
Credit card: 5465407228842211
DU, MATTHEW H
Expires 2015/03/10

Fri Jul 18 13:35:59 2014
Credit card: 5465407228842211
DU, MATTHEW H
Expires 2015/03/10

Fri Jul 18 13:36:11 2014
Credit card: 5465407228842211
DU, MATTHEW H
Expires 2015/03/10

